<?xml version="1.0" encoding="UTF-8"?>
<!-- Generated by org.testng.reporters.JUnitReportReporter -->
<testsuite skipped="0" hostname="DESKTOP-70PNLGK" name="com.sashank.crossbrowser.Test2" tests="3" failures="0" timestamp="2021-05-10T14:09:47 CDT" time="0.020" errors="0">
  <testcase name="method4" time="0.002" classname="com.sashank.crossbrowser.Test2"/>
  <system-out/>
  <testcase name="method5" time="0.013" classname="com.sashank.crossbrowser.Test2"/>
  <system-out/>
  <testcase name="method3" time="0.005" classname="com.sashank.crossbrowser.Test2"/>
  <system-out/>
</testsuite> <!-- com.sashank.crossbrowser.Test2 -->
