<?xml version="1.0" encoding="UTF-8"?>
<!-- Generated by org.testng.reporters.JUnitReportReporter -->
<testsuite skipped="0" hostname="DESKTOP-70PNLGK" name="TestNgTest" tests="2" failures="0" timestamp="2021-04-27T18:42:07 CDT" time="3.742" errors="0">
  <testcase name="gopiTest" time="0.001" classname="TestNgTest"/>
  <system-out/>
  <testcase name="firstTest" time="3.741" classname="TestNgTest"/>
  <system-out/>
</testsuite> <!-- TestNgTest -->
