<?xml version="1.0" encoding="UTF-8"?>
<!-- Generated by org.testng.reporters.JUnitReportReporter -->
<testsuite skipped="0" hostname="DESKTOP-70PNLGK" name="NewTest" tests="2" failures="0" timestamp="2021-04-27T20:00:29 CDT" time="0.040" errors="0">
  <testcase name="f" time="0.035" classname="NewTest"/>
  <system-out/>
  <testcase name="f1" time="0.005" classname="NewTest"/>
  <system-out/>
</testsuite> <!-- NewTest -->
