<?xml version="1.0" encoding="UTF-8"?>
<!-- Generated by org.testng.reporters.JUnitReportReporter -->
<testsuite skipped="0" hostname="DESKTOP-70PNLGK" name="project1.DataProvidr" tests="2" failures="0" timestamp="2021-04-28T16:54:12 CDT" time="0.027" errors="0">
  <testcase name="f" time="0.019" classname="project1.DataProvidr"/>
  <system-out/>
  <testcase name="f" time="0.008" classname="project1.DataProvidr"/>
  <system-out/>
</testsuite> <!-- project1.DataProvidr -->
