<?xml version="1.0" encoding="UTF-8"?>
<!-- Generated by org.testng.reporters.JUnitReportReporter -->
<testsuite skipped="0" hostname="DESKTOP-70PNLGK" name="com.sashank.crossbrowser.Test1" tests="3" failures="0" timestamp="2021-04-30T16:53:23 CDT" time="0.031" errors="0">
  <testcase name="method2" time="0.004" classname="com.sashank.crossbrowser.Test1"/>
  <system-out/>
  <testcase name="method1" time="0.017" classname="com.sashank.crossbrowser.Test1"/>
  <system-out/>
  <testcase name="method3" time="0.010" classname="com.sashank.crossbrowser.Test1"/>
  <system-out/>
</testsuite> <!-- com.sashank.crossbrowser.Test1 -->
